0 info it worked if it ends with ok
1 verbose cli [ 'd:\\Program Files\\nodejs\\node.exe',
1 verbose cli   'd:\\Program Files\\nodejs\\node_modules\\npm\\bin\\npm-cli.js',
1 verbose cli   'install',
1 verbose cli   'ngCordova' ]
2 info using npm@2.10.1
3 info using node@v0.12.4
4 verbose install initial load of e:\GraduationDesign\project\mBank\package.json
5 warn package.json mbank@1.1.1 No repository field.
6 warn package.json mbank@1.1.1 No README data
7 warn package.json mbank@1.1.1 No license field.
8 verbose readDependencies loading dependencies from e:\GraduationDesign\project\mBank\package.json
9 silly cache add args [ 'ngCordova', null ]
10 verbose cache add spec ngCordova
11 silly cache add parsed spec { raw: 'ngCordova',
11 silly cache add   scope: null,
11 silly cache add   name: 'ngCordova',
11 silly cache add   rawSpec: '',
11 silly cache add   spec: '*',
11 silly cache add   type: 'range' }
12 silly addNamed ngCordova@*
13 verbose addNamed "*" is a valid semver range for ngCordova
14 silly addNameRange { name: 'ngCordova', range: '*', hasData: false }
15 silly mapToRegistry name ngCordova
16 silly mapToRegistry using default registry
17 silly mapToRegistry registry https://registry.npmjs.org/
18 silly mapToRegistry uri https://registry.npmjs.org/ngCordova
19 verbose addNameRange registry:https://registry.npmjs.org/ngCordova not in flight; fetching
20 verbose request uri https://registry.npmjs.org/ngCordova
21 verbose request no auth needed
22 info attempt registry request try #1 at 09:45:24
23 verbose request id 7cd2e8285e4d411d
24 http request GET https://registry.npmjs.org/ngCordova
25 http 404 https://registry.npmjs.org/ngCordova
26 verbose headers { 'content-type': 'application/json',
26 verbose headers   'cache-control': 'max-age=0',
26 verbose headers   'content-length': '2',
26 verbose headers   'accept-ranges': 'bytes',
26 verbose headers   date: 'Wed, 06 Jan 2016 01:45:25 GMT',
26 verbose headers   via: '1.1 varnish',
26 verbose headers   age: '0',
26 verbose headers   connection: 'keep-alive',
26 verbose headers   'x-served-by': 'cache-hkg6826-HKG',
26 verbose headers   'x-cache': 'MISS',
26 verbose headers   'x-cache-hits': '0',
26 verbose headers   'x-timer': 'S1452044725.142763,VS0,VE692' }
27 silly get cb [ 404,
27 silly get   { 'content-type': 'application/json',
27 silly get     'cache-control': 'max-age=0',
27 silly get     'content-length': '2',
27 silly get     'accept-ranges': 'bytes',
27 silly get     date: 'Wed, 06 Jan 2016 01:45:25 GMT',
27 silly get     via: '1.1 varnish',
27 silly get     age: '0',
27 silly get     connection: 'keep-alive',
27 silly get     'x-served-by': 'cache-hkg6826-HKG',
27 silly get     'x-cache': 'MISS',
27 silly get     'x-cache-hits': '0',
27 silly get     'x-timer': 'S1452044725.142763,VS0,VE692' } ]
28 verbose stack Error: Registry returned 404 for GET on https://registry.npmjs.org/ngCordova
28 verbose stack     at CachingRegistryClient.<anonymous> (d:\Program Files\nodejs\node_modules\npm\node_modules\npm-registry-client\lib\request.js:239:14)
28 verbose stack     at Request._callback (d:\Program Files\nodejs\node_modules\npm\node_modules\npm-registry-client\lib\request.js:170:14)
28 verbose stack     at Request.self.callback (d:\Program Files\nodejs\node_modules\npm\node_modules\request\request.js:368:22)
28 verbose stack     at Request.emit (events.js:110:17)
28 verbose stack     at Request.<anonymous> (d:\Program Files\nodejs\node_modules\npm\node_modules\request\request.js:1219:14)
28 verbose stack     at Request.emit (events.js:129:20)
28 verbose stack     at IncomingMessage.<anonymous> (d:\Program Files\nodejs\node_modules\npm\node_modules\request\request.js:1167:12)
28 verbose stack     at IncomingMessage.emit (events.js:129:20)
28 verbose stack     at _stream_readable.js:908:16
28 verbose stack     at process._tickCallback (node.js:355:11)
29 verbose statusCode 404
30 verbose pkgid ngCordova
31 verbose cwd e:\GraduationDesign\project\mBank
32 error Windows_NT 6.1.7601
33 error argv "d:\\Program Files\\nodejs\\node.exe" "d:\\Program Files\\nodejs\\node_modules\\npm\\bin\\npm-cli.js" "install" "ngCordova"
34 error node v0.12.4
35 error npm  v2.10.1
36 error code E404
37 error 404 Registry returned 404 for GET on https://registry.npmjs.org/ngCordova
37 error 404
37 error 404 'ngCordova' is not in the npm registry.
37 error 404 You should bug the author to publish it (or use the name yourself!)
37 error 404 It was specified as a dependency of 'mbank'
37 error 404
37 error 404 Note that you can also install from a
37 error 404 tarball, folder, http url, or git url.
38 verbose exit [ 1, true ]
